error:
       … while evaluating an expression to select 'bashInteractive' on it
         at «string»:1:1:
            1| (import <nixpkgs> {}).bashInteractive
             | ^

       … while calling the 'import' builtin
         at «string»:1:2:
            1| (import <nixpkgs> {}).bashInteractive
             |  ^

       (stack trace truncated; use '--show-trace' to show the full trace)

       error: file 'nixpkgs' was not found in the Nix search path (add it using $NIX_PATH or -I)
will use bash from your environment
+ url=
+ branch=
+ hardcode_zero_version=
+ tag_format=
+ tag_prefix=
+ tag_converter=
+ shallow_clone=
+ : ''
+ ((  3 > 0  ))
+ flag=--url=
+ shift 1
+ case "$flag" in
+ url=
+ ((  2 > 0  ))
+ flag='--tag-format=*'
+ shift 1
+ case "$flag" in
+ tag_format='*'
+ ((  1 > 0  ))
+ flag=--shallow-clone
+ shift 1
+ case "$flag" in
+ shallow_clone=1
+ ((  0 > 0  ))
+ [[ -z '' ]]
++ nix-instantiate --eval -E 'with import ./. {}; git-fuzzy.src.gitRepoUrl'
++ tr -d '"'
+ url=https://github.com/bigH/git-fuzzy.git
++ mktemp -d
+ tmpdir=/tmp/tmp.QM0hOxzp0p
+ cloneArgs=()
+ [[ 1 == \1 ]]
+ cloneArgs+=(--depth=1)
+ [[ -n '' ]]
+ git clone --depth=1 https://github.com/bigH/git-fuzzy.git /tmp/tmp.QM0hOxzp0p
Cloning into '/tmp/tmp.QM0hOxzp0p'...
+ pushd /tmp/tmp.QM0hOxzp0p
++ git show -s --pretty=format:%cs
+ commit_date=2025-02-12
++ git show -s --pretty=format:%H
+ commit_sha=9b6846f25f33c82a1b7af6e7c9a5a013eeb9b702
+ last_tag=
+ [[ -z '' ]]
+ [[ 1 == \1 ]]
+ depth=100
+ ((  depth < 10000  ))
++ getLatestVersion
++ git describe --tags --abbrev=0 --match '*'
++ true
+ last_tag=
+ [[ -n '' ]]
+ git fetch --depth=100 --tags
+ depth=200
+ ((  depth < 10000  ))
++ getLatestVersion
++ git describe --tags --abbrev=0 --match '*'
++ true
+ last_tag=
+ [[ -n '' ]]
+ git fetch --depth=200 --tags
fatal: unable to access 'https://github.com/bigH/git-fuzzy.git/': Connection timed out after 300020 milliseconds
