+ url=
+ branch=
+ use_stable_version=
+ tag_prefix=
+ shallow_clone=
+ ((  2 > 0  ))
+ flag=--url=
+ shift 1
+ case "$flag" in
+ url=
+ ((  1 > 0  ))
+ flag=--shallow-clone
+ shift 1
+ case "$flag" in
+ shallow_clone=1
+ ((  0 > 0  ))
+ [[ -z '' ]]
++ tr -d '"'
++ /nix/store/03a4f9rij2z4mmwprlbip3mrnnfaw0yd-nix-2.18.2/bin/nix-instantiate --eval -E 'with import ./. {}; nimlangserver.src.gitRepoUrl'
+ url=https://github.com/nim-lang/langserver.git
++ /nix/store/asqa3kfq3maclk7cqqhrjvp7vriw6ahy-coreutils-9.5/bin/mktemp -d
+ tmpdir=/tmp/tmp.xZBDuzll3j
+ cloneArgs=(--bare)
+ [[ 1 == \1 ]]
+ cloneArgs+=(--depth=1)
+ [[ -n '' ]]
+ /nix/store/apl2ibxqrxbbj6z79nfgv892999z1zyv-git-2.44.0/bin/git clone --bare --depth=1 https://github.com/nim-lang/langserver.git /tmp/tmp.xZBDuzll3j
Cloning into bare repository '/tmp/tmp.xZBDuzll3j'...
+ pushd /tmp/tmp.xZBDuzll3j
++ /nix/store/apl2ibxqrxbbj6z79nfgv892999z1zyv-git-2.44.0/bin/git show -s --pretty=format:%cs
+ commit_date=2024-04-26
++ /nix/store/apl2ibxqrxbbj6z79nfgv892999z1zyv-git-2.44.0/bin/git show -s --pretty=format:%H
+ commit_sha=97ffd6da89c658abaf6043e29ac6aeab1afda8f9
+ [[ -z '' ]]
+ new_version=unstable-2024-04-26
+ popd
+ /nix/store/5q902mj0578aq9gbm3620dksk49vbagh-common-updater-scripts/bin/update-source-version nimlangserver unstable-2024-04-26 --rev=97ffd6da89c658abaf6043e29ac6aeab1afda8f9
sed: couldn't open temporary file /nix/store/rppah3hm447gjlcyvqyi1wq3vwdk6445-source/pkgs/sedpNTZiP: Read-only file system
